<<<<<<< HEAD
2022-03-28 15:20:20.090027-输出结果为:{'code': 'fail', 'mes': None}
2022-03-28 15:22:09.405693-输出结果为:{'code': 'fail', 'mes': None}
2022-03-28 19:55:12.214430-messages is :{'code': 'fail', 'mes': None}
2022-03-28 19:55:42.154440-messages is :{'code': 'fail', 'mes': None}
2022-03-28 19:56:12.275625-messages is :{'code': 'fail', 'mes': None}
2022-03-28 20:05:30.877437-messages is :{'code': 'fail', 'mes': None}
2022-03-28 20:06:13.585529-messages is :{'code': 'fail', 'mes': None}
2022-03-29 11:39:35.395277-messages is :{'code': 'fail', 'mes': None}
2022-03-29 11:47:59.102148-messages is :{'code': 'fail', 'data': None, 'mess': '已有1个有效预约，请在使用结束后再次进行选择', 'code2': 'fail', 'data2': None, 'mess2': '系统可预约时间为 19:00 ~ 23:59'}
2022-03-29 11:49:26.043104-messages is :{'user_token': '6WT1OX4T8N03294925', 'data': None, 'mess': '已有1个有效预约，请在使用结束后再次进行选择', 'data2': None, 'mess2': '系统可预约时间为 19:00 ~ 23:59'}
=======
2022-03-28 15:20:20.090027-输出结果为:{'code': 'fail', 'mes': None}
2022-03-28 15:22:09.405693-输出结果为:{'code': 'fail', 'mes': None}
2022-03-28 19:55:12.214430-messages is :{'code': 'fail', 'mes': None}
2022-03-28 19:55:42.154440-messages is :{'code': 'fail', 'mes': None}
2022-03-28 19:56:12.275625-messages is :{'code': 'fail', 'mes': None}
2022-03-28 20:05:30.877437-messages is :{'code': 'fail', 'mes': None}
2022-03-28 20:06:13.585529-messages is :{'code': 'fail', 'mes': None}
2022-03-28 21:48:09.787667-messages is :{'code': 'fail', 'mes': None}
2022-03-28 22:03:09.705979-messages is :{'code': 'fail', 'mes': None}
2022-03-28 22:18:09.739526-messages is :{'code': 'fail', 'mes': None}
2022-03-28 22:33:09.730653-messages is :{'code': 'fail', 'mes': None}
2022-03-28 22:48:09.765188-messages is :{'code': 'fail', 'mes': None}
2022-03-28 23:03:09.758043-messages is :{'code': 'fail', 'mes': None}
2022-03-28 23:18:09.831737-messages is :{'code': 'fail', 'mes': None}
2022-03-28 23:33:09.816807-messages is :{'code': 'fail', 'mes': None}
2022-03-28 23:48:09.757537-messages is :{'code': 'fail', 'mes': None}
2022-03-29 00:18:09.783878-messages is :{'code': 'fail', 'mes': None}
2022-03-29 00:33:09.748556-messages is :{'code': 'fail', 'mes': None}
2022-03-29 00:48:09.776866-messages is :{'code': 'fail', 'mes': None}
2022-03-29 01:03:09.684853-messages is :{'code': 'fail', 'mes': None}
2022-03-29 01:18:09.828636-messages is :{'code': 'fail', 'mes': None}
2022-03-29 01:33:09.761708-messages is :{'code': 'fail', 'mes': None}
2022-03-29 01:48:09.752094-messages is :{'code': 'fail', 'mes': None}

